<?xml version="1.0" encoding="UTF-8"?>
<testng-results ignored="0" total="1" passed="1" failed="0" skipped="0">
  <reporter-output>
  </reporter-output>
  <suite started-at="2021-02-26T07:02:37Z" name="Default suite" finished-at="2021-02-26T07:03:15Z" duration-ms="38333">
    <groups>
    </groups>
    <test started-at="2021-02-26T07:02:37Z" name="Default test" finished-at="2021-02-26T07:03:15Z" duration-ms="38333">
      <class name="Practise.Demo">
        <test-method signature="loginToApplication()[pri:0, instance:Practise.Demo@5a9f4771]" started-at="2021-02-26T07:02:37Z" name="loginToApplication" finished-at="2021-02-26T07:03:15Z" duration-ms="38258" status="PASS">
          <reporter-output>
          </reporter-output>
        </test-method> <!-- loginToApplication -->
      </class> <!-- Practise.Demo -->
    </test> <!-- Default test -->
  </suite> <!-- Default suite -->
</testng-results>
