<?xml version="1.0" encoding="UTF-8"?>
<testng-results ignored="0" total="1" passed="1" failed="0" skipped="0">
  <reporter-output>
  </reporter-output>
  <suite started-at="2021-02-25T17:47:10Z" name="Default suite" finished-at="2021-02-25T17:48:02Z" duration-ms="51753">
    <groups>
    </groups>
    <test started-at="2021-02-25T17:47:10Z" name="Default test" finished-at="2021-02-25T17:48:02Z" duration-ms="51753">
      <class name="Practise.Demo">
        <test-method signature="loginToApplication()[pri:0, instance:Practise.Demo@1a72a540]" started-at="2021-02-25T17:47:10Z" name="loginToApplication" finished-at="2021-02-25T17:48:02Z" duration-ms="51707" status="PASS">
          <reporter-output>
          </reporter-output>
        </test-method> <!-- loginToApplication -->
      </class> <!-- Practise.Demo -->
    </test> <!-- Default test -->
  </suite> <!-- Default suite -->
</testng-results>
